
 *------------------------------------------------------------------------------------* 
 |                                                                                    | 
 |  *------------------------------------------------------------------------------*  | 
 |  |                                                                              |  | 
 |  |                                                                              |  | 
 |  |   PPP   Y   Y  TTTTT  H   H  III    A      Welcome to the Lund Monte Carlo!  |  | 
 |  |   P  P   Y Y     T    H   H   I    A A     This is PYTHIA version 8.311      |  | 
 |  |   PPP     Y      T    HHHHH   I   AAAAA    Last date of change:  8 Mar 2024  |  | 
 |  |   P       Y      T    H   H   I   A   A                                      |  | 
 |  |   P       Y      T    H   H  III  A   A    Now is 10 Apr 2025 at 00:13:07    |  | 
 |  |                                                                              |  | 
 |  |   Program documentation and an archive of historic versions is found on:     |  | 
 |  |                                                                              |  | 
 |  |                               https://pythia.org/                            |  | 
 |  |                                                                              |  | 
 |  |   PYTHIA is authored by a collaboration consisting of:                       |  | 
 |  |                                                                              |  | 
 |  |   Javira Altmann, Christian Bierlich, Naomi Cooke, Nishita Desai,            |  | 
 |  |   Leif Gellersen, Ilkka Helenius, Philip Ilten, Leif Lonnblad,               |  | 
 |  |   Stephen Mrenna, Christian Preuss, Torbjorn Sjostrand, Peter Skands,        |  | 
 |  |   Marius Utheim, and Rob Verheyen.                                           |  | 
 |  |                                                                              |  | 
 |  |   The complete list of authors, including contact information and            |  | 
 |  |   affiliations, can be found on https://pythia.org/.                         |  | 
 |  |   Problems or bugs should be reported on email at authors@pythia.org.        |  | 
 |  |                                                                              |  | 
 |  |   The main program reference is C. Bierlich et al,                           |  | 
 |  |   'A comprehensive guide to the physics and usage of Pythia 8.3',            |  | 
 |  |   SciPost Phys. Codebases 8-r8.3 (2022) [arXiv:2203.11601 [hep-ph]]          |  | 
 |  |                                                                              |  | 
 |  |   PYTHIA is released under the GNU General Public Licence version 2 or later.|  | 
 |  |   Please respect the MCnet Guidelines for Event Generator Authors and Users. |  | 
 |  |                                                                              |  | 
 |  |   Disclaimer: this program comes without any guarantees.                     |  | 
 |  |   Beware of errors and use common sense when interpreting results.           |  | 
 |  |                                                                              |  | 
 |  |   Copyright (C) 2024 Torbjorn Sjostrand                                      |  | 
 |  |                                                                              |  | 
 |  |                                                                              |  | 
 |  *------------------------------------------------------------------------------*  | 
 |                                                                                    | 
 *------------------------------------------------------------------------------------* 


 *-------  PYTHIA Process Initialization  --------------------------*
 |                                                                  |
 | We collide p+ with p+ at a CM energy of 1.360e+04 GeV            |
 |                                                                  |
 |------------------------------------------------------------------|
 |                                                    |             |
 | Subprocess                                    Code |   Estimated |
 |                                                    |    max (mb) |
 |                                                    |             |
 |------------------------------------------------------------------|
 |                                                    |             |
 | non-diffractive                                101 |   5.687e+01 |
 | A B -> A B elastic                             102 |   2.245e+01 |
 | A B -> X B single diffractive                  103 |   6.432e+00 |
 | A B -> A X single diffractive                  104 |   6.432e+00 |
 | A B -> X X double diffractive                  105 |   8.848e+00 |
 | A B -> A X B central diffractive               106 |   0.000e+00 |
 |                                                                  |
 *-------  End PYTHIA Process Initialization -----------------------*

 *-------  PYTHIA Multiparton Interactions Initialization  ---------* 
 |                                                                  | 
 |                   sigmaNonDiffractive =    56.87 mb              | 
 |                                                                  | 
 |    pT0 =  2.63 gives sigmaInteraction =   324.46 mb: accepted    | 
 |                                                                  | 
 *-------  End PYTHIA Multiparton Interactions Initialization  -----* 

 *-------  PYTHIA Multiparton Interactions Initialization  ---------* 
 |                                                                  | 
 |   diffraction XB for p+ on p+                                    | 
 |                                                                  | 
 |   diffractive mass = 1.00e+01 GeV and sigmaNorm =    10.00 mb    | 
 |    pT0 =  0.56 gives sigmaInteraction =    25.05 mb: accepted    | 
 |   diffractive mass = 1.62e+01 GeV and sigmaNorm =    10.00 mb    | 
 |    pT0 =  0.62 gives sigmaInteraction =    24.19 mb: accepted    | 
 |   diffractive mass = 2.62e+01 GeV and sigmaNorm =    10.00 mb    | 
 |    pT0 =  0.69 gives sigmaInteraction =    22.22 mb: accepted    | 
 |   diffractive mass = 4.23e+01 GeV and sigmaNorm =    10.00 mb    | 
 |    pT0 =  0.76 gives sigmaInteraction =    20.09 mb: accepted    | 
 |   diffractive mass = 6.85e+01 GeV and sigmaNorm =    10.00 mb    | 
 |    pT0 =  0.84 gives sigmaInteraction =    18.24 mb: accepted    | 
 |   diffractive mass = 1.11e+02 GeV and sigmaNorm =    10.00 mb    | 
 |    pT0 =  0.93 gives sigmaInteraction =    16.90 mb: accepted    | 
 |   diffractive mass = 1.79e+02 GeV and sigmaNorm =    10.00 mb    | 
 |    pT0 =  1.04 gives sigmaInteraction =    16.52 mb: accepted    | 
 |   diffractive mass = 2.90e+02 GeV and sigmaNorm =    10.00 mb    | 
 |    pT0 =  1.15 gives sigmaInteraction =    17.03 mb: accepted    | 
 |   diffractive mass = 4.69e+02 GeV and sigmaNorm =    10.00 mb    | 
 |    pT0 =  1.28 gives sigmaInteraction =    18.77 mb: accepted    | 
 |   diffractive mass = 7.59e+02 GeV and sigmaNorm =    10.00 mb    | 
 |    pT0 =  1.41 gives sigmaInteraction =    21.41 mb: accepted    | 
 |   diffractive mass = 1.23e+03 GeV and sigmaNorm =    10.00 mb    | 
 |    pT0 =  1.57 gives sigmaInteraction =    25.46 mb: accepted    | 
 |   diffractive mass = 1.99e+03 GeV and sigmaNorm =    10.00 mb    | 
 |    pT0 =  1.74 gives sigmaInteraction =    30.64 mb: accepted    | 
 |   diffractive mass = 3.21e+03 GeV and sigmaNorm =    10.00 mb    | 
 |    pT0 =  1.93 gives sigmaInteraction =    36.87 mb: accepted    | 
 |   diffractive mass = 5.20e+03 GeV and sigmaNorm =    10.00 mb    | 
 |    pT0 =  2.14 gives sigmaInteraction =    44.79 mb: accepted    | 
 |   diffractive mass = 8.41e+03 GeV and sigmaNorm =    10.00 mb    | 
 |    pT0 =  2.37 gives sigmaInteraction =    52.89 mb: accepted    | 
 |   diffractive mass = 1.36e+04 GeV and sigmaNorm =    10.00 mb    | 
 |    pT0 =  2.63 gives sigmaInteraction =    62.62 mb: accepted    | 
 |                                                                  | 
 *-------  End PYTHIA Multiparton Interactions Initialization  -----* 
 PYTHIA Warning in MultipartonInteractions::init: maximum increased by factor 4.129

 *-------  PYTHIA Multiparton Interactions Initialization  ---------* 
 |                                                                  | 
 |   diffraction AX for p+ on p+                                    | 
 |                                                                  | 
 |   diffractive mass = 1.00e+01 GeV and sigmaNorm =    10.00 mb    | 
 |    pT0 =  0.56 gives sigmaInteraction =    25.14 mb: accepted    | 
 |   diffractive mass = 1.62e+01 GeV and sigmaNorm =    10.00 mb    | 
 |    pT0 =  0.62 gives sigmaInteraction =    24.21 mb: accepted    | 
 |   diffractive mass = 2.62e+01 GeV and sigmaNorm =    10.00 mb    | 
 |    pT0 =  0.69 gives sigmaInteraction =    22.32 mb: accepted    | 
 |   diffractive mass = 4.23e+01 GeV and sigmaNorm =    10.00 mb    | 
 |    pT0 =  0.76 gives sigmaInteraction =    20.08 mb: accepted    | 
 |   diffractive mass = 6.85e+01 GeV and sigmaNorm =    10.00 mb    | 
 |    pT0 =  0.84 gives sigmaInteraction =    18.17 mb: accepted    | 
 |   diffractive mass = 1.11e+02 GeV and sigmaNorm =    10.00 mb    | 
 |    pT0 =  0.93 gives sigmaInteraction =    16.93 mb: accepted    | 
 |   diffractive mass = 1.79e+02 GeV and sigmaNorm =    10.00 mb    | 
 |    pT0 =  1.04 gives sigmaInteraction =    16.51 mb: accepted    | 
 |   diffractive mass = 2.90e+02 GeV and sigmaNorm =    10.00 mb    | 
 |    pT0 =  1.15 gives sigmaInteraction =    17.15 mb: accepted    | 
 |   diffractive mass = 4.69e+02 GeV and sigmaNorm =    10.00 mb    | 
 |    pT0 =  1.28 gives sigmaInteraction =    18.78 mb: accepted    | 
 |   diffractive mass = 7.59e+02 GeV and sigmaNorm =    10.00 mb    | 
 |    pT0 =  1.41 gives sigmaInteraction =    21.51 mb: accepted    | 
 |   diffractive mass = 1.23e+03 GeV and sigmaNorm =    10.00 mb    | 
 |    pT0 =  1.57 gives sigmaInteraction =    25.76 mb: accepted    | 
 |   diffractive mass = 1.99e+03 GeV and sigmaNorm =    10.00 mb    | 
 |    pT0 =  1.74 gives sigmaInteraction =    30.29 mb: accepted    | 
 |   diffractive mass = 3.21e+03 GeV and sigmaNorm =    10.00 mb    | 
 |    pT0 =  1.93 gives sigmaInteraction =    36.77 mb: accepted    | 
 |   diffractive mass = 5.20e+03 GeV and sigmaNorm =    10.00 mb    | 
 |    pT0 =  2.14 gives sigmaInteraction =    44.37 mb: accepted    | 
 |   diffractive mass = 8.41e+03 GeV and sigmaNorm =    10.00 mb    | 
 |    pT0 =  2.37 gives sigmaInteraction =    52.95 mb: accepted    | 
 |   diffractive mass = 1.36e+04 GeV and sigmaNorm =    10.00 mb    | 
 |    pT0 =  2.63 gives sigmaInteraction =    62.81 mb: accepted    | 
 |                                                                  | 
 *-------  End PYTHIA Multiparton Interactions Initialization  -----* 

 *-------  PYTHIA Multiparton Interactions Initialization  ---------* 
 |                                                                  | 
 |   diffraction AXB for p+ on p+                                   | 
 |                                                                  | 
 |   diffractive mass = 1.00e+01 GeV and sigmaNorm =    10.00 mb    | 
 |    pT0 =  0.56 gives sigmaInteraction =     5.89 mb: rejected    | 
 |    pT0 =  0.50 gives sigmaInteraction =     8.77 mb: rejected    | 
 |    pT0 =  0.45 gives sigmaInteraction =    13.20 mb: accepted    | 
 |   diffractive mass = 1.62e+01 GeV and sigmaNorm =    10.00 mb    | 
 |    pT0 =  0.62 gives sigmaInteraction =     4.81 mb: rejected    | 
 |    pT0 =  0.56 gives sigmaInteraction =     6.96 mb: rejected    | 
 |    pT0 =  0.50 gives sigmaInteraction =    10.28 mb: rejected    | 
 |    pT0 =  0.45 gives sigmaInteraction =    15.15 mb: accepted    | 
 |   diffractive mass = 2.62e+01 GeV and sigmaNorm =    10.00 mb    | 
 |    pT0 =  0.69 gives sigmaInteraction =     3.85 mb: rejected    | 
 |    pT0 =  0.62 gives sigmaInteraction =     5.44 mb: rejected    | 
 |    pT0 =  0.56 gives sigmaInteraction =     7.87 mb: rejected    | 
 |    pT0 =  0.50 gives sigmaInteraction =    11.50 mb: accepted    | 
 |   diffractive mass = 4.23e+01 GeV and sigmaNorm =    10.00 mb    | 
 |    pT0 =  0.76 gives sigmaInteraction =     3.13 mb: rejected    | 
 |    pT0 =  0.68 gives sigmaInteraction =     4.36 mb: rejected    | 
 |    pT0 =  0.62 gives sigmaInteraction =     6.18 mb: rejected    | 
 |    pT0 =  0.55 gives sigmaInteraction =     8.67 mb: rejected    | 
 |    pT0 =  0.50 gives sigmaInteraction =    12.37 mb: accepted    | 
 |   diffractive mass = 6.85e+01 GeV and sigmaNorm =    10.00 mb    | 
 |    pT0 =  0.84 gives sigmaInteraction =     2.71 mb: rejected    | 
 |    pT0 =  0.76 gives sigmaInteraction =     3.61 mb: rejected    | 
 |    pT0 =  0.68 gives sigmaInteraction =     4.92 mb: rejected    | 
 |    pT0 =  0.61 gives sigmaInteraction =     6.71 mb: rejected    | 
 |    pT0 =  0.55 gives sigmaInteraction =     9.31 mb: rejected    | 
 |    pT0 =  0.50 gives sigmaInteraction =    13.21 mb: accepted    | 
 |   diffractive mass = 1.11e+02 GeV and sigmaNorm =    10.00 mb    | 
 |    pT0 =  0.93 gives sigmaInteraction =     2.52 mb: rejected    | 
 |    pT0 =  0.84 gives sigmaInteraction =     3.23 mb: rejected    | 
 |    pT0 =  0.76 gives sigmaInteraction =     4.23 mb: rejected    | 
 |    pT0 =  0.68 gives sigmaInteraction =     5.60 mb: rejected    | 
 |    pT0 =  0.61 gives sigmaInteraction =     7.43 mb: rejected    | 
 |    pT0 =  0.55 gives sigmaInteraction =    10.14 mb: rejected    | 
 |    pT0 =  0.50 gives sigmaInteraction =    14.06 mb: accepted    | 
 |   diffractive mass = 1.79e+02 GeV and sigmaNorm =    10.00 mb    | 
 |    pT0 =  1.04 gives sigmaInteraction =     2.55 mb: rejected    | 
 |    pT0 =  0.93 gives sigmaInteraction =     3.17 mb: rejected    | 
 |    pT0 =  0.84 gives sigmaInteraction =     3.93 mb: rejected    | 
 |    pT0 =  0.76 gives sigmaInteraction =     4.98 mb: rejected    | 
 |    pT0 =  0.68 gives sigmaInteraction =     6.40 mb: rejected    | 
 |    pT0 =  0.61 gives sigmaInteraction =     8.43 mb: rejected    | 
 |    pT0 =  0.55 gives sigmaInteraction =    11.25 mb: accepted    | 
 |   diffractive mass = 2.90e+02 GeV and sigmaNorm =    10.00 mb    | 
 |    pT0 =  1.15 gives sigmaInteraction =     2.74 mb: rejected    | 
 |    pT0 =  1.03 gives sigmaInteraction =     3.33 mb: rejected    | 
 |    pT0 =  0.93 gives sigmaInteraction =     4.00 mb: rejected    | 
 |    pT0 =  0.84 gives sigmaInteraction =     4.87 mb: rejected    | 
 |    pT0 =  0.75 gives sigmaInteraction =     5.98 mb: rejected    | 
 |    pT0 =  0.68 gives sigmaInteraction =     7.54 mb: rejected    | 
 |    pT0 =  0.61 gives sigmaInteraction =     9.56 mb: rejected    | 
 |    pT0 =  0.55 gives sigmaInteraction =    12.26 mb: accepted    | 
 |   diffractive mass = 4.69e+02 GeV and sigmaNorm =    10.00 mb    | 
 |    pT0 =  1.28 gives sigmaInteraction =     3.08 mb: rejected    | 
 |    pT0 =  1.15 gives sigmaInteraction =     3.66 mb: rejected    | 
 |    pT0 =  1.03 gives sigmaInteraction =     4.31 mb: rejected    | 
 |    pT0 =  0.93 gives sigmaInteraction =     5.12 mb: rejected    | 
 |    pT0 =  0.84 gives sigmaInteraction =     6.08 mb: rejected    | 
 |    pT0 =  0.75 gives sigmaInteraction =     7.29 mb: rejected    | 
 |    pT0 =  0.68 gives sigmaInteraction =     8.93 mb: rejected    | 
 |    pT0 =  0.61 gives sigmaInteraction =    11.04 mb: accepted    | 
 |   diffractive mass = 7.59e+02 GeV and sigmaNorm =    10.00 mb    | 
 |    pT0 =  1.41 gives sigmaInteraction =     3.54 mb: rejected    | 
 |    pT0 =  1.27 gives sigmaInteraction =     4.19 mb: rejected    | 
 |    pT0 =  1.15 gives sigmaInteraction =     4.86 mb: rejected    | 
 |    pT0 =  1.03 gives sigmaInteraction =     5.65 mb: rejected    | 
 |    pT0 =  0.93 gives sigmaInteraction =     6.58 mb: rejected    | 
 |    pT0 =  0.83 gives sigmaInteraction =     7.60 mb: rejected    | 
 |    pT0 =  0.75 gives sigmaInteraction =     8.97 mb: rejected    | 
 |    pT0 =  0.68 gives sigmaInteraction =    10.62 mb: rejected    | 
 |    pT0 =  0.61 gives sigmaInteraction =    12.69 mb: accepted    | 
 |   diffractive mass = 1.23e+03 GeV and sigmaNorm =    10.00 mb    | 
 |    pT0 =  1.57 gives sigmaInteraction =     4.08 mb: rejected    | 
 |    pT0 =  1.41 gives sigmaInteraction =     4.79 mb: rejected    | 
 |    pT0 =  1.27 gives sigmaInteraction =     5.55 mb: rejected    | 
 |    pT0 =  1.14 gives sigmaInteraction =     6.43 mb: rejected    | 
 |    pT0 =  1.03 gives sigmaInteraction =     7.28 mb: rejected    | 
 |    pT0 =  0.93 gives sigmaInteraction =     8.39 mb: rejected    | 
 |    pT0 =  0.83 gives sigmaInteraction =     9.64 mb: rejected    | 
 |    pT0 =  0.75 gives sigmaInteraction =    10.95 mb: rejected    | 
 |    pT0 =  0.68 gives sigmaInteraction =    12.88 mb: accepted    | 
 |   diffractive mass = 1.99e+03 GeV and sigmaNorm =    10.00 mb    | 
 |    pT0 =  1.74 gives sigmaInteraction =     4.70 mb: rejected    | 
 |    pT0 =  1.57 gives sigmaInteraction =     5.43 mb: rejected    | 
 |    pT0 =  1.41 gives sigmaInteraction =     6.38 mb: rejected    | 
 |    pT0 =  1.27 gives sigmaInteraction =     7.25 mb: rejected    | 
 |    pT0 =  1.14 gives sigmaInteraction =     8.32 mb: rejected    | 
 |    pT0 =  1.03 gives sigmaInteraction =     9.41 mb: rejected    | 
 |    pT0 =  0.92 gives sigmaInteraction =    10.56 mb: rejected    | 
 |    pT0 =  0.83 gives sigmaInteraction =    11.87 mb: accepted    | 
 |   diffractive mass = 3.21e+03 GeV and sigmaNorm =    10.00 mb    | 
 |    pT0 =  1.93 gives sigmaInteraction =     5.33 mb: rejected    | 
 |    pT0 =  1.74 gives sigmaInteraction =     6.30 mb: rejected    | 
 |    pT0 =  1.56 gives sigmaInteraction =     7.32 mb: rejected    | 
 |    pT0 =  1.41 gives sigmaInteraction =     8.36 mb: rejected    | 
 |    pT0 =  1.27 gives sigmaInteraction =     9.47 mb: rejected    | 
 |    pT0 =  1.14 gives sigmaInteraction =    10.74 mb: rejected    | 
 |    pT0 =  1.02 gives sigmaInteraction =    11.89 mb: accepted    | 
 |   diffractive mass = 5.20e+03 GeV and sigmaNorm =    10.00 mb    | 
 |    pT0 =  2.14 gives sigmaInteraction =     5.98 mb: rejected    | 
 |    pT0 =  1.92 gives sigmaInteraction =     7.07 mb: rejected    | 
 |    pT0 =  1.73 gives sigmaInteraction =     8.15 mb: rejected    | 
 |    pT0 =  1.56 gives sigmaInteraction =     9.45 mb: rejected    | 
 |    pT0 =  1.40 gives sigmaInteraction =    10.66 mb: rejected    | 
 |    pT0 =  1.26 gives sigmaInteraction =    12.17 mb: accepted    | 
 |   diffractive mass = 8.41e+03 GeV and sigmaNorm =    10.00 mb    | 
 |    pT0 =  2.37 gives sigmaInteraction =     6.60 mb: rejected    | 
 |    pT0 =  2.13 gives sigmaInteraction =     7.87 mb: rejected    | 
 |    pT0 =  1.92 gives sigmaInteraction =     9.05 mb: rejected    | 
 |    pT0 =  1.73 gives sigmaInteraction =    10.42 mb: rejected    | 
 |    pT0 =  1.56 gives sigmaInteraction =    12.00 mb: accepted    | 
 |   diffractive mass = 1.36e+04 GeV and sigmaNorm =    10.00 mb    | 
 |    pT0 =  2.63 gives sigmaInteraction =     7.29 mb: rejected    | 
 |    pT0 =  2.37 gives sigmaInteraction =     8.42 mb: rejected    | 
 |    pT0 =  2.13 gives sigmaInteraction =     9.97 mb: rejected    | 
 |    pT0 =  1.92 gives sigmaInteraction =    11.58 mb: accepted    | 
 |                                                                  | 
 *-------  End PYTHIA Multiparton Interactions Initialization  -----* 

 *-------  PYTHIA Flag + Mode + Parm + Word + FVec + MVec + PVec + WVec Settings (changes only)  ------------------* 
 |                                                                                                                 | 
 | Name                                          |                      Now |      Default         Min         Max | 
 |                                               |                          |                                      | 
 | Beams:eCM                                     |                13600.000 |    14000.000         0.0             | 
 | Main:numberOfEvents                           |                    10000 |         1000           0             | 
 | Next:numberShowEvent                          |                        0 |            1           0             | 
 | SoftQCD:all                                   |                       on |          off                         | 
 |                                                                                                                 | 
 *-------  End PYTHIA Flag + Mode + Parm + Word + FVec + MVec + PVec + WVec Settings  -----------------------------* 

 --------  PYTHIA Particle Data Table (changed only)  ------------------------------------------------------------------------------
 
      id   name            antiName         spn chg col      m0        mWidth      mMin       mMax       tau0    res dec ext vis wid
             no onMode   bRatio   meMode     products 

     221  eta                                 1   0   0    0.54785    0.00000    0.54785    0.54785  1.51000e-07   0   1   0   1   0
              0     0   0.3931181    0       22       22 
              1     0   0.3257150    0      111      111      111 
              2     0   0.0002700    0      111       22       22 
              3     0   0.2274105    0      211     -211      111 
              4     0   0.0460021    0      211     -211       22 
              5     0   0.0069003   11       22       11      -11 
              6     0   0.0003100   11       22       13      -13 
              7     0   0.0000060    0       13      -13 
              8     0   0.0002680   12      211     -211       11      -11 
              9     1   1.0000000   13       13      -13       13      -13 

 --------  End PYTHIA Particle Data Table  -----------------------------------------------------------------------------------------

My eta acc pT sorting function took 76.83326 seconds to run
Eta Run 3 Statistics

The total number of events is 10000
The total number of Eta decay to 4 muons is 39284
The total number of decays where both the daughters and the parent particle are in LHCb acceptance is 8021
The average number of decays with parent and daughters in acceptance per event is 0.8021

Muon pT in acc information. Children of Eta parent particle
╒═══╤═══════════════╤══════════╤══════════╤══════════╤══════════╕
│ 0 │ -             │ 1st Muon │ 2nd Muon │ 3rd Muon │ 4th Muon │
├───┼───────────────┼──────────┼──────────┼──────────┼──────────┤
│ 1 │ Highest (GeV) │ 4.74608  │ 2.94828  │ 2.24474  │ 1.73790  │
├───┼───────────────┼──────────┼──────────┼──────────┼──────────┤
│ 2 │ Lowest  (GeV) │ 0.04988  │ 0.02369  │ 0.01164  │ 0.00294  │
├───┼───────────────┼──────────┼──────────┼──────────┼──────────┤
│ 3 │ Average (GeV) │ 0.33754  │ 0.23256  │ 0.16735  │ 0.11191  │
╘═══╧═══════════════╧══════════╧══════════╧══════════╧══════════╛

Prompt 2 
 Statistics for Eta daughter particles in acc meeting prompt 2 J/Psi-->4mu conditions.
╒═══╤═════════════════════════════╤══════════╤══════════╤══════════╤══════════╤═════════╕
│ 0 │ -                           │ 1st Muon │ 2nd Muon │ 3rd Muon │ 4th Muon │ Percent │
├───┼─────────────────────────────┼──────────┼──────────┼──────────┼──────────┼─────────┤
│ 1 │ pT > 0.50GeV and pT >0.3GeV │ x        │ x        │ -        │ -        │ 14.25   │
├───┼─────────────────────────────┼──────────┼──────────┼──────────┼──────────┼─────────┤
│ 2 │ pT > 0.50GeV and pT >0.3GeV │ x        │ -        │ x        │ -        │ 9.94    │
├───┼─────────────────────────────┼──────────┼──────────┼──────────┼──────────┼─────────┤
│ 3 │ pT > 0.50GeV and pT >0.3GeV │ x        │ -        │ -        │ x        │ 4.74    │
├───┼─────────────────────────────┼──────────┼──────────┼──────────┼──────────┼─────────┤
│ 4 │ pT > 0.50GeV and pT >0.3GeV │ -        │ x        │ x        │ -        │ 6.30    │
├───┼─────────────────────────────┼──────────┼──────────┼──────────┼──────────┼─────────┤
│ 5 │ pT > 0.50GeV and pT >0.3GeV │ -        │ x        │ -        │ x        │ 3.80    │
├───┼─────────────────────────────┼──────────┼──────────┼──────────┼──────────┼─────────┤
│ 6 │ pT > 0.50GeV and pT >0.3GeV │ -        │ -        │ x        │ x        │ 2.33    │
╘═══╧═════════════════════════════╧══════════╧══════════╧══════════╧══════════╧═════════╛
