
 *------------------------------------------------------------------------------------* 
 |                                                                                    | 
 |  *------------------------------------------------------------------------------*  | 
 |  |                                                                              |  | 
 |  |                                                                              |  | 
 |  |   PPP   Y   Y  TTTTT  H   H  III    A      Welcome to the Lund Monte Carlo!  |  | 
 |  |   P  P   Y Y     T    H   H   I    A A     This is PYTHIA version 8.311      |  | 
 |  |   PPP     Y      T    HHHHH   I   AAAAA    Last date of change:  8 Mar 2024  |  | 
 |  |   P       Y      T    H   H   I   A   A                                      |  | 
 |  |   P       Y      T    H   H  III  A   A    Now is 04 Mar 2025 at 21:26:23    |  | 
 |  |                                                                              |  | 
 |  |   Program documentation and an archive of historic versions is found on:     |  | 
 |  |                                                                              |  | 
 |  |                               https://pythia.org/                            |  | 
 |  |                                                                              |  | 
 |  |   PYTHIA is authored by a collaboration consisting of:                       |  | 
 |  |                                                                              |  | 
 |  |   Javira Altmann, Christian Bierlich, Naomi Cooke, Nishita Desai,            |  | 
 |  |   Leif Gellersen, Ilkka Helenius, Philip Ilten, Leif Lonnblad,               |  | 
 |  |   Stephen Mrenna, Christian Preuss, Torbjorn Sjostrand, Peter Skands,        |  | 
 |  |   Marius Utheim, and Rob Verheyen.                                           |  | 
 |  |                                                                              |  | 
 |  |   The complete list of authors, including contact information and            |  | 
 |  |   affiliations, can be found on https://pythia.org/.                         |  | 
 |  |   Problems or bugs should be reported on email at authors@pythia.org.        |  | 
 |  |                                                                              |  | 
 |  |   The main program reference is C. Bierlich et al,                           |  | 
 |  |   'A comprehensive guide to the physics and usage of Pythia 8.3',            |  | 
 |  |   SciPost Phys. Codebases 8-r8.3 (2022) [arXiv:2203.11601 [hep-ph]]          |  | 
 |  |                                                                              |  | 
 |  |   PYTHIA is released under the GNU General Public Licence version 2 or later.|  | 
 |  |   Please respect the MCnet Guidelines for Event Generator Authors and Users. |  | 
 |  |                                                                              |  | 
 |  |   Disclaimer: this program comes without any guarantees.                     |  | 
 |  |   Beware of errors and use common sense when interpreting results.           |  | 
 |  |                                                                              |  | 
 |  |   Copyright (C) 2024 Torbjorn Sjostrand                                      |  | 
 |  |                                                                              |  | 
 |  |                                                                              |  | 
 |  *------------------------------------------------------------------------------*  | 
 |                                                                                    | 
 *------------------------------------------------------------------------------------* 


 *-------  PYTHIA Process Initialization  --------------------------*
 |                                                                  |
 | We collide p+ with p+ at a CM energy of 1.300e+04 GeV            |
 |                                                                  |
 |------------------------------------------------------------------|
 |                                                    |             |
 | Subprocess                                    Code |   Estimated |
 |                                                    |    max (mb) |
 |                                                    |             |
 |------------------------------------------------------------------|
 |                                                    |             |
 | non-diffractive                                101 |   5.642e+01 |
 | A B -> A B elastic                             102 |   2.226e+01 |
 | A B -> X B single diffractive                  103 |   6.416e+00 |
 | A B -> A X single diffractive                  104 |   6.416e+00 |
 | A B -> X X double diffractive                  105 |   8.798e+00 |
 | A B -> A X B central diffractive               106 |   0.000e+00 |
 |                                                                  |
 *-------  End PYTHIA Process Initialization -----------------------*

 *-------  PYTHIA Multiparton Interactions Initialization  ---------* 
 |                                                                  | 
 |                   sigmaNonDiffractive =    56.42 mb              | 
 |                                                                  | 
 |    pT0 =  2.60 gives sigmaInteraction =   317.79 mb: accepted    | 
 |                                                                  | 
 *-------  End PYTHIA Multiparton Interactions Initialization  -----* 

 *-------  PYTHIA Multiparton Interactions Initialization  ---------* 
 |                                                                  | 
 |   diffraction XB for p+ on p+                                    | 
 |                                                                  | 
 |   diffractive mass = 1.00e+01 GeV and sigmaNorm =    10.00 mb    | 
 |    pT0 =  0.56 gives sigmaInteraction =    25.05 mb: accepted    | 
 |   diffractive mass = 1.61e+01 GeV and sigmaNorm =    10.00 mb    | 
 |    pT0 =  0.62 gives sigmaInteraction =    24.20 mb: accepted    | 
 |   diffractive mass = 2.60e+01 GeV and sigmaNorm =    10.00 mb    | 
 |    pT0 =  0.68 gives sigmaInteraction =    22.29 mb: accepted    | 
 |   diffractive mass = 4.20e+01 GeV and sigmaNorm =    10.00 mb    | 
 |    pT0 =  0.76 gives sigmaInteraction =    20.14 mb: accepted    | 
 |   diffractive mass = 6.77e+01 GeV and sigmaNorm =    10.00 mb    | 
 |    pT0 =  0.84 gives sigmaInteraction =    18.32 mb: accepted    | 
 |   diffractive mass = 1.09e+02 GeV and sigmaNorm =    10.00 mb    | 
 |    pT0 =  0.93 gives sigmaInteraction =    16.94 mb: accepted    | 
 |   diffractive mass = 1.76e+02 GeV and sigmaNorm =    10.00 mb    | 
 |    pT0 =  1.03 gives sigmaInteraction =    16.52 mb: accepted    | 
 |   diffractive mass = 2.84e+02 GeV and sigmaNorm =    10.00 mb    | 
 |    pT0 =  1.14 gives sigmaInteraction =    17.00 mb: accepted    | 
 |   diffractive mass = 4.58e+02 GeV and sigmaNorm =    10.00 mb    | 
 |    pT0 =  1.27 gives sigmaInteraction =    18.59 mb: accepted    | 
 |   diffractive mass = 7.39e+02 GeV and sigmaNorm =    10.00 mb    | 
 |    pT0 =  1.41 gives sigmaInteraction =    21.19 mb: accepted    | 
 |   diffractive mass = 1.19e+03 GeV and sigmaNorm =    10.00 mb    | 
 |    pT0 =  1.56 gives sigmaInteraction =    25.14 mb: accepted    | 
 |   diffractive mass = 1.92e+03 GeV and sigmaNorm =    10.00 mb    | 
 |    pT0 =  1.73 gives sigmaInteraction =    30.24 mb: accepted    | 
 |   diffractive mass = 3.10e+03 GeV and sigmaNorm =    10.00 mb    | 
 |    pT0 =  1.91 gives sigmaInteraction =    36.30 mb: accepted    | 
 |   diffractive mass = 5.00e+03 GeV and sigmaNorm =    10.00 mb    | 
 |    pT0 =  2.12 gives sigmaInteraction =    44.00 mb: accepted    | 
 |   diffractive mass = 8.06e+03 GeV and sigmaNorm =    10.00 mb    | 
 |    pT0 =  2.35 gives sigmaInteraction =    51.81 mb: accepted    | 
 |   diffractive mass = 1.30e+04 GeV and sigmaNorm =    10.00 mb    | 
 |    pT0 =  2.60 gives sigmaInteraction =    61.61 mb: accepted    | 
 |                                                                  | 
 *-------  End PYTHIA Multiparton Interactions Initialization  -----* 
 PYTHIA Warning in MultipartonInteractions::init: maximum increased by factor 4.134

 *-------  PYTHIA Multiparton Interactions Initialization  ---------* 
 |                                                                  | 
 |   diffraction AX for p+ on p+                                    | 
 |                                                                  | 
 |   diffractive mass = 1.00e+01 GeV and sigmaNorm =    10.00 mb    | 
 |    pT0 =  0.56 gives sigmaInteraction =    25.16 mb: accepted    | 
 |   diffractive mass = 1.61e+01 GeV and sigmaNorm =    10.00 mb    | 
 |    pT0 =  0.62 gives sigmaInteraction =    24.19 mb: accepted    | 
 |   diffractive mass = 2.60e+01 GeV and sigmaNorm =    10.00 mb    | 
 |    pT0 =  0.68 gives sigmaInteraction =    22.34 mb: accepted    | 
 |   diffractive mass = 4.20e+01 GeV and sigmaNorm =    10.00 mb    | 
 |    pT0 =  0.76 gives sigmaInteraction =    20.11 mb: accepted    | 
 |   diffractive mass = 6.77e+01 GeV and sigmaNorm =    10.00 mb    | 
 |    pT0 =  0.84 gives sigmaInteraction =    18.21 mb: accepted    | 
 |   diffractive mass = 1.09e+02 GeV and sigmaNorm =    10.00 mb    | 
 |    pT0 =  0.93 gives sigmaInteraction =    16.96 mb: accepted    | 
 |   diffractive mass = 1.76e+02 GeV and sigmaNorm =    10.00 mb    | 
 |    pT0 =  1.03 gives sigmaInteraction =    16.48 mb: accepted    | 
 |   diffractive mass = 2.84e+02 GeV and sigmaNorm =    10.00 mb    | 
 |    pT0 =  1.14 gives sigmaInteraction =    17.08 mb: accepted    | 
 |   diffractive mass = 4.58e+02 GeV and sigmaNorm =    10.00 mb    | 
 |    pT0 =  1.27 gives sigmaInteraction =    18.69 mb: accepted    | 
 |   diffractive mass = 7.39e+02 GeV and sigmaNorm =    10.00 mb    | 
 |    pT0 =  1.41 gives sigmaInteraction =    21.27 mb: accepted    | 
 |   diffractive mass = 1.19e+03 GeV and sigmaNorm =    10.00 mb    | 
 |    pT0 =  1.56 gives sigmaInteraction =    25.45 mb: accepted    | 
 |   diffractive mass = 1.92e+03 GeV and sigmaNorm =    10.00 mb    | 
 |    pT0 =  1.73 gives sigmaInteraction =    29.88 mb: accepted    | 
 |   diffractive mass = 3.10e+03 GeV and sigmaNorm =    10.00 mb    | 
 |    pT0 =  1.91 gives sigmaInteraction =    36.37 mb: accepted    | 
 |   diffractive mass = 5.00e+03 GeV and sigmaNorm =    10.00 mb    | 
 |    pT0 =  2.12 gives sigmaInteraction =    43.76 mb: accepted    | 
 |   diffractive mass = 8.06e+03 GeV and sigmaNorm =    10.00 mb    | 
 |    pT0 =  2.35 gives sigmaInteraction =    52.04 mb: accepted    | 
 |   diffractive mass = 1.30e+04 GeV and sigmaNorm =    10.00 mb    | 
 |    pT0 =  2.60 gives sigmaInteraction =    61.91 mb: accepted    | 
 |                                                                  | 
 *-------  End PYTHIA Multiparton Interactions Initialization  -----* 

 *-------  PYTHIA Multiparton Interactions Initialization  ---------* 
 |                                                                  | 
 |   diffraction AXB for p+ on p+                                   | 
 |                                                                  | 
 |   diffractive mass = 1.00e+01 GeV and sigmaNorm =    10.00 mb    | 
 |    pT0 =  0.56 gives sigmaInteraction =     5.88 mb: rejected    | 
 |    pT0 =  0.50 gives sigmaInteraction =     8.78 mb: rejected    | 
 |    pT0 =  0.45 gives sigmaInteraction =    13.21 mb: accepted    | 
 |   diffractive mass = 1.61e+01 GeV and sigmaNorm =    10.00 mb    | 
 |    pT0 =  0.62 gives sigmaInteraction =     4.81 mb: rejected    | 
 |    pT0 =  0.56 gives sigmaInteraction =     6.97 mb: rejected    | 
 |    pT0 =  0.50 gives sigmaInteraction =    10.31 mb: rejected    | 
 |    pT0 =  0.45 gives sigmaInteraction =    15.18 mb: accepted    | 
 |   diffractive mass = 2.60e+01 GeV and sigmaNorm =    10.00 mb    | 
 |    pT0 =  0.68 gives sigmaInteraction =     3.88 mb: rejected    | 
 |    pT0 =  0.62 gives sigmaInteraction =     5.46 mb: rejected    | 
 |    pT0 =  0.55 gives sigmaInteraction =     7.90 mb: rejected    | 
 |    pT0 =  0.50 gives sigmaInteraction =    11.53 mb: accepted    | 
 |   diffractive mass = 4.20e+01 GeV and sigmaNorm =    10.00 mb    | 
 |    pT0 =  0.76 gives sigmaInteraction =     3.14 mb: rejected    | 
 |    pT0 =  0.68 gives sigmaInteraction =     4.38 mb: rejected    | 
 |    pT0 =  0.61 gives sigmaInteraction =     6.20 mb: rejected    | 
 |    pT0 =  0.55 gives sigmaInteraction =     8.74 mb: rejected    | 
 |    pT0 =  0.50 gives sigmaInteraction =    12.47 mb: accepted    | 
 |   diffractive mass = 6.77e+01 GeV and sigmaNorm =    10.00 mb    | 
 |    pT0 =  0.84 gives sigmaInteraction =     2.71 mb: rejected    | 
 |    pT0 =  0.76 gives sigmaInteraction =     3.63 mb: rejected    | 
 |    pT0 =  0.68 gives sigmaInteraction =     4.96 mb: rejected    | 
 |    pT0 =  0.61 gives sigmaInteraction =     6.73 mb: rejected    | 
 |    pT0 =  0.55 gives sigmaInteraction =     9.38 mb: rejected    | 
 |    pT0 =  0.50 gives sigmaInteraction =    13.28 mb: accepted    | 
 |   diffractive mass = 1.09e+02 GeV and sigmaNorm =    10.00 mb    | 
 |    pT0 =  0.93 gives sigmaInteraction =     2.52 mb: rejected    | 
 |    pT0 =  0.84 gives sigmaInteraction =     3.22 mb: rejected    | 
 |    pT0 =  0.75 gives sigmaInteraction =     4.25 mb: rejected    | 
 |    pT0 =  0.68 gives sigmaInteraction =     5.64 mb: rejected    | 
 |    pT0 =  0.61 gives sigmaInteraction =     7.47 mb: rejected    | 
 |    pT0 =  0.55 gives sigmaInteraction =    10.15 mb: rejected    | 
 |    pT0 =  0.50 gives sigmaInteraction =    14.20 mb: accepted    | 
 |   diffractive mass = 1.76e+02 GeV and sigmaNorm =    10.00 mb    | 
 |    pT0 =  1.03 gives sigmaInteraction =     2.55 mb: rejected    | 
 |    pT0 =  0.93 gives sigmaInteraction =     3.16 mb: rejected    | 
 |    pT0 =  0.84 gives sigmaInteraction =     3.95 mb: rejected    | 
 |    pT0 =  0.75 gives sigmaInteraction =     5.01 mb: rejected    | 
 |    pT0 =  0.68 gives sigmaInteraction =     6.43 mb: rejected    | 
 |    pT0 =  0.61 gives sigmaInteraction =     8.49 mb: rejected    | 
 |    pT0 =  0.55 gives sigmaInteraction =    11.34 mb: accepted    | 
 |   diffractive mass = 2.84e+02 GeV and sigmaNorm =    10.00 mb    | 
 |    pT0 =  1.14 gives sigmaInteraction =     2.73 mb: rejected    | 
 |    pT0 =  1.03 gives sigmaInteraction =     3.30 mb: rejected    | 
 |    pT0 =  0.93 gives sigmaInteraction =     4.00 mb: rejected    | 
 |    pT0 =  0.83 gives sigmaInteraction =     4.84 mb: rejected    | 
 |    pT0 =  0.75 gives sigmaInteraction =     6.00 mb: rejected    | 
 |    pT0 =  0.68 gives sigmaInteraction =     7.52 mb: rejected    | 
 |    pT0 =  0.61 gives sigmaInteraction =     9.60 mb: rejected    | 
 |    pT0 =  0.55 gives sigmaInteraction =    12.38 mb: accepted    | 
 |   diffractive mass = 4.58e+02 GeV and sigmaNorm =    10.00 mb    | 
 |    pT0 =  1.27 gives sigmaInteraction =     3.05 mb: rejected    | 
 |    pT0 =  1.14 gives sigmaInteraction =     3.64 mb: rejected    | 
 |    pT0 =  1.03 gives sigmaInteraction =     4.33 mb: rejected    | 
 |    pT0 =  0.92 gives sigmaInteraction =     5.11 mb: rejected    | 
 |    pT0 =  0.83 gives sigmaInteraction =     6.06 mb: rejected    | 
 |    pT0 =  0.75 gives sigmaInteraction =     7.28 mb: rejected    | 
 |    pT0 =  0.67 gives sigmaInteraction =     8.89 mb: rejected    | 
 |    pT0 =  0.61 gives sigmaInteraction =    10.98 mb: rejected    | 
 |    pT0 =  0.55 gives sigmaInteraction =    13.92 mb: accepted    | 
 |   diffractive mass = 7.39e+02 GeV and sigmaNorm =    10.00 mb    | 
 |    pT0 =  1.41 gives sigmaInteraction =     3.54 mb: rejected    | 
 |    pT0 =  1.27 gives sigmaInteraction =     4.15 mb: rejected    | 
 |    pT0 =  1.14 gives sigmaInteraction =     4.83 mb: rejected    | 
 |    pT0 =  1.02 gives sigmaInteraction =     5.65 mb: rejected    | 
 |    pT0 =  0.92 gives sigmaInteraction =     6.43 mb: rejected    | 
 |    pT0 =  0.83 gives sigmaInteraction =     7.63 mb: rejected    | 
 |    pT0 =  0.75 gives sigmaInteraction =     9.06 mb: rejected    | 
 |    pT0 =  0.67 gives sigmaInteraction =    10.57 mb: rejected    | 
 |    pT0 =  0.61 gives sigmaInteraction =    12.88 mb: accepted    | 
 |   diffractive mass = 1.19e+03 GeV and sigmaNorm =    10.00 mb    | 
 |    pT0 =  1.56 gives sigmaInteraction =     4.08 mb: rejected    | 
 |    pT0 =  1.40 gives sigmaInteraction =     4.72 mb: rejected    | 
 |    pT0 =  1.26 gives sigmaInteraction =     5.51 mb: rejected    | 
 |    pT0 =  1.14 gives sigmaInteraction =     6.29 mb: rejected    | 
 |    pT0 =  1.02 gives sigmaInteraction =     7.26 mb: rejected    | 
 |    pT0 =  0.92 gives sigmaInteraction =     8.39 mb: rejected    | 
 |    pT0 =  0.83 gives sigmaInteraction =     9.46 mb: rejected    | 
 |    pT0 =  0.75 gives sigmaInteraction =    10.99 mb: rejected    | 
 |    pT0 =  0.67 gives sigmaInteraction =    12.73 mb: accepted    | 
 |   diffractive mass = 1.92e+03 GeV and sigmaNorm =    10.00 mb    | 
 |    pT0 =  1.73 gives sigmaInteraction =     4.61 mb: rejected    | 
 |    pT0 =  1.55 gives sigmaInteraction =     5.44 mb: rejected    | 
 |    pT0 =  1.40 gives sigmaInteraction =     6.29 mb: rejected    | 
 |    pT0 =  1.26 gives sigmaInteraction =     7.20 mb: rejected    | 
 |    pT0 =  1.13 gives sigmaInteraction =     8.24 mb: rejected    | 
 |    pT0 =  1.02 gives sigmaInteraction =     9.31 mb: rejected    | 
 |    pT0 =  0.92 gives sigmaInteraction =    10.46 mb: rejected    | 
 |    pT0 =  0.83 gives sigmaInteraction =    11.82 mb: accepted    | 
 |   diffractive mass = 3.10e+03 GeV and sigmaNorm =    10.00 mb    | 
 |    pT0 =  1.91 gives sigmaInteraction =     5.29 mb: rejected    | 
 |    pT0 =  1.72 gives sigmaInteraction =     6.21 mb: rejected    | 
 |    pT0 =  1.55 gives sigmaInteraction =     7.18 mb: rejected    | 
 |    pT0 =  1.39 gives sigmaInteraction =     8.23 mb: rejected    | 
 |    pT0 =  1.26 gives sigmaInteraction =     9.37 mb: rejected    | 
 |    pT0 =  1.13 gives sigmaInteraction =    10.57 mb: rejected    | 
 |    pT0 =  1.02 gives sigmaInteraction =    11.81 mb: accepted    | 
 |   diffractive mass = 5.00e+03 GeV and sigmaNorm =    10.00 mb    | 
 |    pT0 =  2.12 gives sigmaInteraction =     5.93 mb: rejected    | 
 |    pT0 =  1.91 gives sigmaInteraction =     6.92 mb: rejected    | 
 |    pT0 =  1.72 gives sigmaInteraction =     8.13 mb: rejected    | 
 |    pT0 =  1.55 gives sigmaInteraction =     9.25 mb: rejected    | 
 |    pT0 =  1.39 gives sigmaInteraction =    10.71 mb: rejected    | 
 |    pT0 =  1.25 gives sigmaInteraction =    11.85 mb: accepted    | 
 |   diffractive mass = 8.06e+03 GeV and sigmaNorm =    10.00 mb    | 
 |    pT0 =  2.35 gives sigmaInteraction =     6.57 mb: rejected    | 
 |    pT0 =  2.12 gives sigmaInteraction =     7.67 mb: rejected    | 
 |    pT0 =  1.90 gives sigmaInteraction =     9.02 mb: rejected    | 
 |    pT0 =  1.71 gives sigmaInteraction =    10.38 mb: rejected    | 
 |    pT0 =  1.54 gives sigmaInteraction =    11.96 mb: accepted    | 
 |   diffractive mass = 1.30e+04 GeV and sigmaNorm =    10.00 mb    | 
 |    pT0 =  2.60 gives sigmaInteraction =     7.21 mb: rejected    | 
 |    pT0 =  2.34 gives sigmaInteraction =     8.45 mb: rejected    | 
 |    pT0 =  2.11 gives sigmaInteraction =     9.93 mb: rejected    | 
 |    pT0 =  1.90 gives sigmaInteraction =    11.58 mb: accepted    | 
 |                                                                  | 
 *-------  End PYTHIA Multiparton Interactions Initialization  -----* 

 *-------  PYTHIA Flag + Mode + Parm + Word + FVec + MVec + PVec + WVec Settings (changes only)  ------------------* 
 |                                                                                                                 | 
 | Name                                          |                      Now |      Default         Min         Max | 
 |                                               |                          |                                      | 
 | Beams:eCM                                     |                13000.000 |    14000.000         0.0             | 
 | Main:numberOfEvents                           |                   100000 |         1000           0             | 
 | Next:numberShowEvent                          |                        0 |            1           0             | 
 | SoftQCD:all                                   |                       on |          off                         | 
 |                                                                                                                 | 
 *-------  End PYTHIA Flag + Mode + Parm + Word + FVec + MVec + PVec + WVec Settings  -----------------------------* 

 --------  PYTHIA Particle Data Table (changed only)  ------------------------------------------------------------------------------
 
      id   name            antiName         spn chg col      m0        mWidth      mMin       mMax       tau0    res dec ext vis wid
             no onMode   bRatio   meMode     products 

     221  eta                                 1   0   0    0.54785    0.00000    0.54785    0.54785  1.51000e-07   0   1   0   1   0
              0     0   0.3931181    0       22       22 
              1     0   0.3257150    0      111      111      111 
              2     0   0.0002700    0      111       22       22 
              3     0   0.2274105    0      211     -211      111 
              4     0   0.0460021    0      211     -211       22 
              5     0   0.0069003   11       22       11      -11 
              6     0   0.0003100   11       22       13      -13 
              7     0   0.0000060    0       13      -13 
              8     0   0.0002680   12      211     -211       11      -11 
              9     1   1.0000000   13       13      -13       13      -13 

 --------  End PYTHIA Particle Data Table  -----------------------------------------------------------------------------------------

Eta Run 2 Statistics

The total number of events is 100000
The total number of decays is 368777
The total number of decays where daughter are in acceptance 56120
The total number of decays where both the daughter and the eta particle are in acceptance is 55080
The average number of decays with daughters in acceptance per event is 0.5612
The average number of decays with parent and daughters in acceptance per event is 0.5508
My eta acc pT sorting function took 586.35372 seconds to run

The fraction of min bias decays where all muons are above 0.65 GeV pT threshold is 0.746 %

Muon pT in acc information. Children of Eta parent particle
╒═══╤═══════════════╤══════════╤══════════╤══════════╤══════════╕
│ 0 │ -             │ 1st Muon │ 2nd Muon │ 3rd Muon │ 4th Muon │
├───┼───────────────┼──────────┼──────────┼──────────┼──────────┤
│ 1 │ Highest (GeV) │ 5.14765  │ 5.14765  │ 3.22270  │ 2.70074  │
├───┼───────────────┼──────────┼──────────┼──────────┼──────────┤
│ 2 │ Lowest  (GeV) │ 0.02398  │ 0.01548  │ 0.00437  │ 0.00404  │
├───┼───────────────┼──────────┼──────────┼──────────┼──────────┤
│ 3 │ Average (GeV) │ 0.31567  │ 0.24694  │ 0.17188  │ 0.12853  │
╘═══╧═══════════════╧══════════╧══════════╧══════════╧══════════╛

Prompt 1 
 Statistics for Eta daughter particles in acc meeting prompt 1 J/Psi-->4mu conditions.
╒═══╤══════════════════════╤══════════╤══════════╤══════════╤══════════╤═════════╕
│ 0 │ -                    │ 1st Muon │ 2nd Muon │ 3rd Muon │ 4th Muon │ Percent │
├───┼──────────────────────┼──────────┼──────────┼──────────┼──────────┼─────────┤
│ 1 │ All Muons pT >0.5GeV │ x        │ x        │ x        │ x        │ 1.68    │
╘═══╧══════════════════════╧══════════╧══════════╧══════════╧══════════╧═════════╛

Prompt 2 
 Statistics for Eta daughter particles in acc meeting prompt 2 J/Psi-->4mu conditions.
╒═══╤═════════════════════════════╤══════════╤══════════╤══════════╤══════════╤═════════╕
│ 0 │ -                           │ 1st Muon │ 2nd Muon │ 3rd Muon │ 4th Muon │ Percent │
├───┼─────────────────────────────┼──────────┼──────────┼──────────┼──────────┼─────────┤
│ 1 │ pT > 0.50GeV and pT >0.3GeV │ x        │ x        │ -        │ -        │ 12.74   │
├───┼─────────────────────────────┼──────────┼──────────┼──────────┼──────────┼─────────┤
│ 2 │ pT > 0.50GeV and pT >0.3GeV │ x        │ -        │ x        │ -        │ 8.92    │
├───┼─────────────────────────────┼──────────┼──────────┼──────────┼──────────┼─────────┤
│ 3 │ pT > 0.50GeV and pT >0.3GeV │ x        │ -        │ -        │ x        │ 5.97    │
├───┼─────────────────────────────┼──────────┼──────────┼──────────┼──────────┼─────────┤
│ 4 │ pT > 0.50GeV and pT >0.3GeV │ -        │ x        │ x        │ -        │ 6.68    │
├───┼─────────────────────────────┼──────────┼──────────┼──────────┼──────────┼─────────┤
│ 5 │ pT > 0.50GeV and pT >0.3GeV │ -        │ x        │ -        │ x        │ 4.59    │
├───┼─────────────────────────────┼──────────┼──────────┼──────────┼──────────┼─────────┤
│ 6 │ pT > 0.50GeV and pT >0.3GeV │ -        │ -        │ x        │ x        │ 2.95    │
╘═══╧═════════════════════════════╧══════════╧══════════╧══════════╧══════════╧═════════╛
