
 *------------------------------------------------------------------------------------* 
 |                                                                                    | 
 |  *------------------------------------------------------------------------------*  | 
 |  |                                                                              |  | 
 |  |                                                                              |  | 
 |  |   PPP   Y   Y  TTTTT  H   H  III    A      Welcome to the Lund Monte Carlo!  |  | 
 |  |   P  P   Y Y     T    H   H   I    A A     This is PYTHIA version 8.311      |  | 
 |  |   PPP     Y      T    HHHHH   I   AAAAA    Last date of change:  8 Mar 2024  |  | 
 |  |   P       Y      T    H   H   I   A   A                                      |  | 
 |  |   P       Y      T    H   H  III  A   A    Now is 12 Mar 2025 at 16:15:21    |  | 
 |  |                                                                              |  | 
 |  |   Program documentation and an archive of historic versions is found on:     |  | 
 |  |                                                                              |  | 
 |  |                               https://pythia.org/                            |  | 
 |  |                                                                              |  | 
 |  |   PYTHIA is authored by a collaboration consisting of:                       |  | 
 |  |                                                                              |  | 
 |  |   Javira Altmann, Christian Bierlich, Naomi Cooke, Nishita Desai,            |  | 
 |  |   Leif Gellersen, Ilkka Helenius, Philip Ilten, Leif Lonnblad,               |  | 
 |  |   Stephen Mrenna, Christian Preuss, Torbjorn Sjostrand, Peter Skands,        |  | 
 |  |   Marius Utheim, and Rob Verheyen.                                           |  | 
 |  |                                                                              |  | 
 |  |   The complete list of authors, including contact information and            |  | 
 |  |   affiliations, can be found on https://pythia.org/.                         |  | 
 |  |   Problems or bugs should be reported on email at authors@pythia.org.        |  | 
 |  |                                                                              |  | 
 |  |   The main program reference is C. Bierlich et al,                           |  | 
 |  |   'A comprehensive guide to the physics and usage of Pythia 8.3',            |  | 
 |  |   SciPost Phys. Codebases 8-r8.3 (2022) [arXiv:2203.11601 [hep-ph]]          |  | 
 |  |                                                                              |  | 
 |  |   PYTHIA is released under the GNU General Public Licence version 2 or later.|  | 
 |  |   Please respect the MCnet Guidelines for Event Generator Authors and Users. |  | 
 |  |                                                                              |  | 
 |  |   Disclaimer: this program comes without any guarantees.                     |  | 
 |  |   Beware of errors and use common sense when interpreting results.           |  | 
 |  |                                                                              |  | 
 |  |   Copyright (C) 2024 Torbjorn Sjostrand                                      |  | 
 |  |                                                                              |  | 
 |  |                                                                              |  | 
 |  *------------------------------------------------------------------------------*  | 
 |                                                                                    | 
 *------------------------------------------------------------------------------------* 


 *-------  PYTHIA Process Initialization  --------------------------*
 |                                                                  |
 | We collide p+ with p+ at a CM energy of 1.300e+04 GeV            |
 |                                                                  |
 |------------------------------------------------------------------|
 |                                                    |             |
 | Subprocess                                    Code |   Estimated |
 |                                                    |    max (mb) |
 |                                                    |             |
 |------------------------------------------------------------------|
 |                                                    |             |
 | non-diffractive                                101 |   5.642e+01 |
 | A B -> A B elastic                             102 |   2.226e+01 |
 | A B -> X B single diffractive                  103 |   6.416e+00 |
 | A B -> A X single diffractive                  104 |   6.416e+00 |
 | A B -> X X double diffractive                  105 |   8.798e+00 |
 | A B -> A X B central diffractive               106 |   0.000e+00 |
 |                                                                  |
 *-------  End PYTHIA Process Initialization -----------------------*

 *-------  PYTHIA Multiparton Interactions Initialization  ---------* 
 |                                                                  | 
 |                   sigmaNonDiffractive =    56.42 mb              | 
 |                                                                  | 
 |    pT0 =  2.60 gives sigmaInteraction =   317.79 mb: accepted    | 
 |                                                                  | 
 *-------  End PYTHIA Multiparton Interactions Initialization  -----* 

 *-------  PYTHIA Multiparton Interactions Initialization  ---------* 
 |                                                                  | 
 |   diffraction XB for p+ on p+                                    | 
 |                                                                  | 
 |   diffractive mass = 1.00e+01 GeV and sigmaNorm =    10.00 mb    | 
 |    pT0 =  0.56 gives sigmaInteraction =    25.05 mb: accepted    | 
 |   diffractive mass = 1.61e+01 GeV and sigmaNorm =    10.00 mb    | 
 |    pT0 =  0.62 gives sigmaInteraction =    24.20 mb: accepted    | 
 |   diffractive mass = 2.60e+01 GeV and sigmaNorm =    10.00 mb    | 
 |    pT0 =  0.68 gives sigmaInteraction =    22.29 mb: accepted    | 
 |   diffractive mass = 4.20e+01 GeV and sigmaNorm =    10.00 mb    | 
 |    pT0 =  0.76 gives sigmaInteraction =    20.14 mb: accepted    | 
 |   diffractive mass = 6.77e+01 GeV and sigmaNorm =    10.00 mb    | 
 |    pT0 =  0.84 gives sigmaInteraction =    18.32 mb: accepted    | 
 |   diffractive mass = 1.09e+02 GeV and sigmaNorm =    10.00 mb    | 
 |    pT0 =  0.93 gives sigmaInteraction =    16.94 mb: accepted    | 
 |   diffractive mass = 1.76e+02 GeV and sigmaNorm =    10.00 mb    | 
 |    pT0 =  1.03 gives sigmaInteraction =    16.52 mb: accepted    | 
 |   diffractive mass = 2.84e+02 GeV and sigmaNorm =    10.00 mb    | 
 |    pT0 =  1.14 gives sigmaInteraction =    17.00 mb: accepted    | 
 |   diffractive mass = 4.58e+02 GeV and sigmaNorm =    10.00 mb    | 
 |    pT0 =  1.27 gives sigmaInteraction =    18.59 mb: accepted    | 
 |   diffractive mass = 7.39e+02 GeV and sigmaNorm =    10.00 mb    | 
 |    pT0 =  1.41 gives sigmaInteraction =    21.19 mb: accepted    | 
 |   diffractive mass = 1.19e+03 GeV and sigmaNorm =    10.00 mb    | 
 |    pT0 =  1.56 gives sigmaInteraction =    25.14 mb: accepted    | 
 |   diffractive mass = 1.92e+03 GeV and sigmaNorm =    10.00 mb    | 
 |    pT0 =  1.73 gives sigmaInteraction =    30.24 mb: accepted    | 
 |   diffractive mass = 3.10e+03 GeV and sigmaNorm =    10.00 mb    | 
 |    pT0 =  1.91 gives sigmaInteraction =    36.30 mb: accepted    | 
 |   diffractive mass = 5.00e+03 GeV and sigmaNorm =    10.00 mb    | 
 |    pT0 =  2.12 gives sigmaInteraction =    44.00 mb: accepted    | 
 |   diffractive mass = 8.06e+03 GeV and sigmaNorm =    10.00 mb    | 
 |    pT0 =  2.35 gives sigmaInteraction =    51.81 mb: accepted    | 
 |   diffractive mass = 1.30e+04 GeV and sigmaNorm =    10.00 mb    | 
 |    pT0 =  2.60 gives sigmaInteraction =    61.61 mb: accepted    | 
 |                                                                  | 
 *-------  End PYTHIA Multiparton Interactions Initialization  -----* 
 PYTHIA Warning in MultipartonInteractions::init: maximum increased by factor 4.134

 *-------  PYTHIA Multiparton Interactions Initialization  ---------* 
 |                                                                  | 
 |   diffraction AX for p+ on p+                                    | 
 |                                                                  | 
 |   diffractive mass = 1.00e+01 GeV and sigmaNorm =    10.00 mb    | 
 |    pT0 =  0.56 gives sigmaInteraction =    25.16 mb: accepted    | 
 |   diffractive mass = 1.61e+01 GeV and sigmaNorm =    10.00 mb    | 
 |    pT0 =  0.62 gives sigmaInteraction =    24.19 mb: accepted    | 
 |   diffractive mass = 2.60e+01 GeV and sigmaNorm =    10.00 mb    | 
 |    pT0 =  0.68 gives sigmaInteraction =    22.34 mb: accepted    | 
 |   diffractive mass = 4.20e+01 GeV and sigmaNorm =    10.00 mb    | 
 |    pT0 =  0.76 gives sigmaInteraction =    20.11 mb: accepted    | 
 |   diffractive mass = 6.77e+01 GeV and sigmaNorm =    10.00 mb    | 
 |    pT0 =  0.84 gives sigmaInteraction =    18.21 mb: accepted    | 
 |   diffractive mass = 1.09e+02 GeV and sigmaNorm =    10.00 mb    | 
 |    pT0 =  0.93 gives sigmaInteraction =    16.96 mb: accepted    | 
 |   diffractive mass = 1.76e+02 GeV and sigmaNorm =    10.00 mb    | 
 |    pT0 =  1.03 gives sigmaInteraction =    16.48 mb: accepted    | 
 |   diffractive mass = 2.84e+02 GeV and sigmaNorm =    10.00 mb    | 
 |    pT0 =  1.14 gives sigmaInteraction =    17.08 mb: accepted    | 
 |   diffractive mass = 4.58e+02 GeV and sigmaNorm =    10.00 mb    | 
 |    pT0 =  1.27 gives sigmaInteraction =    18.69 mb: accepted    | 
 |   diffractive mass = 7.39e+02 GeV and sigmaNorm =    10.00 mb    | 
 |    pT0 =  1.41 gives sigmaInteraction =    21.27 mb: accepted    | 
 |   diffractive mass = 1.19e+03 GeV and sigmaNorm =    10.00 mb    | 
 |    pT0 =  1.56 gives sigmaInteraction =    25.45 mb: accepted    | 
 |   diffractive mass = 1.92e+03 GeV and sigmaNorm =    10.00 mb    | 
 |    pT0 =  1.73 gives sigmaInteraction =    29.88 mb: accepted    | 
 |   diffractive mass = 3.10e+03 GeV and sigmaNorm =    10.00 mb    | 
 |    pT0 =  1.91 gives sigmaInteraction =    36.37 mb: accepted    | 
 |   diffractive mass = 5.00e+03 GeV and sigmaNorm =    10.00 mb    | 
 |    pT0 =  2.12 gives sigmaInteraction =    43.76 mb: accepted    | 
 |   diffractive mass = 8.06e+03 GeV and sigmaNorm =    10.00 mb    | 
 |    pT0 =  2.35 gives sigmaInteraction =    52.04 mb: accepted    | 
 |   diffractive mass = 1.30e+04 GeV and sigmaNorm =    10.00 mb    | 
 |    pT0 =  2.60 gives sigmaInteraction =    61.91 mb: accepted    | 
 |                                                                  | 
 *-------  End PYTHIA Multiparton Interactions Initialization  -----* 

 *-------  PYTHIA Multiparton Interactions Initialization  ---------* 
 |                                                                  | 
 |   diffraction AXB for p+ on p+                                   | 
 |                                                                  | 
 |   diffractive mass = 1.00e+01 GeV and sigmaNorm =    10.00 mb    | 
 |    pT0 =  0.56 gives sigmaInteraction =     5.88 mb: rejected    | 
 |    pT0 =  0.50 gives sigmaInteraction =     8.78 mb: rejected    | 
 |    pT0 =  0.45 gives sigmaInteraction =    13.21 mb: accepted    | 
 |   diffractive mass = 1.61e+01 GeV and sigmaNorm =    10.00 mb    | 
 |    pT0 =  0.62 gives sigmaInteraction =     4.81 mb: rejected    | 
 |    pT0 =  0.56 gives sigmaInteraction =     6.97 mb: rejected    | 
 |    pT0 =  0.50 gives sigmaInteraction =    10.31 mb: rejected    | 
 |    pT0 =  0.45 gives sigmaInteraction =    15.18 mb: accepted    | 
 |   diffractive mass = 2.60e+01 GeV and sigmaNorm =    10.00 mb    | 
 |    pT0 =  0.68 gives sigmaInteraction =     3.88 mb: rejected    | 
 |    pT0 =  0.62 gives sigmaInteraction =     5.46 mb: rejected    | 
 |    pT0 =  0.55 gives sigmaInteraction =     7.90 mb: rejected    | 
 |    pT0 =  0.50 gives sigmaInteraction =    11.53 mb: accepted    | 
 |   diffractive mass = 4.20e+01 GeV and sigmaNorm =    10.00 mb    | 
 |    pT0 =  0.76 gives sigmaInteraction =     3.14 mb: rejected    | 
 |    pT0 =  0.68 gives sigmaInteraction =     4.38 mb: rejected    | 
 |    pT0 =  0.61 gives sigmaInteraction =     6.20 mb: rejected    | 
 |    pT0 =  0.55 gives sigmaInteraction =     8.74 mb: rejected    | 
 |    pT0 =  0.50 gives sigmaInteraction =    12.47 mb: accepted    | 
 |   diffractive mass = 6.77e+01 GeV and sigmaNorm =    10.00 mb    | 
 |    pT0 =  0.84 gives sigmaInteraction =     2.71 mb: rejected    | 
 |    pT0 =  0.76 gives sigmaInteraction =     3.63 mb: rejected    | 
 |    pT0 =  0.68 gives sigmaInteraction =     4.96 mb: rejected    | 
 |    pT0 =  0.61 gives sigmaInteraction =     6.73 mb: rejected    | 
 |    pT0 =  0.55 gives sigmaInteraction =     9.38 mb: rejected    | 
 |    pT0 =  0.50 gives sigmaInteraction =    13.28 mb: accepted    | 
 |   diffractive mass = 1.09e+02 GeV and sigmaNorm =    10.00 mb    | 
 |    pT0 =  0.93 gives sigmaInteraction =     2.52 mb: rejected    | 
 |    pT0 =  0.84 gives sigmaInteraction =     3.22 mb: rejected    | 
 |    pT0 =  0.75 gives sigmaInteraction =     4.25 mb: rejected    | 
 |    pT0 =  0.68 gives sigmaInteraction =     5.64 mb: rejected    | 
 |    pT0 =  0.61 gives sigmaInteraction =     7.47 mb: rejected    | 
 |    pT0 =  0.55 gives sigmaInteraction =    10.15 mb: rejected    | 
 |    pT0 =  0.50 gives sigmaInteraction =    14.20 mb: accepted    | 
 |   diffractive mass = 1.76e+02 GeV and sigmaNorm =    10.00 mb    | 
 |    pT0 =  1.03 gives sigmaInteraction =     2.55 mb: rejected    | 
 |    pT0 =  0.93 gives sigmaInteraction =     3.16 mb: rejected    | 
 |    pT0 =  0.84 gives sigmaInteraction =     3.95 mb: rejected    | 
 |    pT0 =  0.75 gives sigmaInteraction =     5.01 mb: rejected    | 
 |    pT0 =  0.68 gives sigmaInteraction =     6.43 mb: rejected    | 
 |    pT0 =  0.61 gives sigmaInteraction =     8.49 mb: rejected    | 
 |    pT0 =  0.55 gives sigmaInteraction =    11.34 mb: accepted    | 
 |   diffractive mass = 2.84e+02 GeV and sigmaNorm =    10.00 mb    | 
 |    pT0 =  1.14 gives sigmaInteraction =     2.73 mb: rejected    | 
 |    pT0 =  1.03 gives sigmaInteraction =     3.30 mb: rejected    | 
 |    pT0 =  0.93 gives sigmaInteraction =     4.00 mb: rejected    | 
 |    pT0 =  0.83 gives sigmaInteraction =     4.84 mb: rejected    | 
 |    pT0 =  0.75 gives sigmaInteraction =     6.00 mb: rejected    | 
 |    pT0 =  0.68 gives sigmaInteraction =     7.52 mb: rejected    | 
 |    pT0 =  0.61 gives sigmaInteraction =     9.60 mb: rejected    | 
 |    pT0 =  0.55 gives sigmaInteraction =    12.38 mb: accepted    | 
 |   diffractive mass = 4.58e+02 GeV and sigmaNorm =    10.00 mb    | 
 |    pT0 =  1.27 gives sigmaInteraction =     3.05 mb: rejected    | 
 |    pT0 =  1.14 gives sigmaInteraction =     3.64 mb: rejected    | 
 |    pT0 =  1.03 gives sigmaInteraction =     4.33 mb: rejected    | 
 |    pT0 =  0.92 gives sigmaInteraction =     5.11 mb: rejected    | 
 |    pT0 =  0.83 gives sigmaInteraction =     6.06 mb: rejected    | 
 |    pT0 =  0.75 gives sigmaInteraction =     7.28 mb: rejected    | 
 |    pT0 =  0.67 gives sigmaInteraction =     8.89 mb: rejected    | 
 |    pT0 =  0.61 gives sigmaInteraction =    10.98 mb: rejected    | 
 |    pT0 =  0.55 gives sigmaInteraction =    13.92 mb: accepted    | 
 |   diffractive mass = 7.39e+02 GeV and sigmaNorm =    10.00 mb    | 
 |    pT0 =  1.41 gives sigmaInteraction =     3.54 mb: rejected    | 
 |    pT0 =  1.27 gives sigmaInteraction =     4.15 mb: rejected    | 
 |    pT0 =  1.14 gives sigmaInteraction =     4.83 mb: rejected    | 
 |    pT0 =  1.02 gives sigmaInteraction =     5.65 mb: rejected    | 
 |    pT0 =  0.92 gives sigmaInteraction =     6.43 mb: rejected    | 
 |    pT0 =  0.83 gives sigmaInteraction =     7.63 mb: rejected    | 
 |    pT0 =  0.75 gives sigmaInteraction =     9.06 mb: rejected    | 
 |    pT0 =  0.67 gives sigmaInteraction =    10.57 mb: rejected    | 
 |    pT0 =  0.61 gives sigmaInteraction =    12.88 mb: accepted    | 
 |   diffractive mass = 1.19e+03 GeV and sigmaNorm =    10.00 mb    | 
 |    pT0 =  1.56 gives sigmaInteraction =     4.08 mb: rejected    | 
 |    pT0 =  1.40 gives sigmaInteraction =     4.72 mb: rejected    | 
 |    pT0 =  1.26 gives sigmaInteraction =     5.51 mb: rejected    | 
 |    pT0 =  1.14 gives sigmaInteraction =     6.29 mb: rejected    | 
 |    pT0 =  1.02 gives sigmaInteraction =     7.26 mb: rejected    | 
 |    pT0 =  0.92 gives sigmaInteraction =     8.39 mb: rejected    | 
 |    pT0 =  0.83 gives sigmaInteraction =     9.45 mb: rejected    | 
 |    pT0 =  0.75 gives sigmaInteraction =    11.01 mb: accepted    | 
 |   diffractive mass = 1.92e+03 GeV and sigmaNorm =    10.00 mb    | 
 |    pT0 =  1.73 gives sigmaInteraction =     4.66 mb: rejected    | 
 |    pT0 =  1.55 gives sigmaInteraction =     5.39 mb: rejected    | 
 |    pT0 =  1.40 gives sigmaInteraction =     6.33 mb: rejected    | 
 |    pT0 =  1.26 gives sigmaInteraction =     7.18 mb: rejected    | 
 |    pT0 =  1.13 gives sigmaInteraction =     8.19 mb: rejected    | 
 |    pT0 =  1.02 gives sigmaInteraction =     9.36 mb: rejected    | 
 |    pT0 =  0.92 gives sigmaInteraction =    10.42 mb: rejected    | 
 |    pT0 =  0.83 gives sigmaInteraction =    11.79 mb: accepted    | 
 |   diffractive mass = 3.10e+03 GeV and sigmaNorm =    10.00 mb    | 
 |    pT0 =  1.91 gives sigmaInteraction =     5.29 mb: rejected    | 
 |    pT0 =  1.72 gives sigmaInteraction =     6.17 mb: rejected    | 
 |    pT0 =  1.55 gives sigmaInteraction =     7.10 mb: rejected    | 
 |    pT0 =  1.39 gives sigmaInteraction =     8.17 mb: rejected    | 
 |    pT0 =  1.26 gives sigmaInteraction =     9.38 mb: rejected    | 
 |    pT0 =  1.13 gives sigmaInteraction =    10.56 mb: rejected    | 
 |    pT0 =  1.02 gives sigmaInteraction =    11.85 mb: accepted    | 
 |   diffractive mass = 5.00e+03 GeV and sigmaNorm =    10.00 mb    | 
 |    pT0 =  2.12 gives sigmaInteraction =     5.99 mb: rejected    | 
 |    pT0 =  1.91 gives sigmaInteraction =     6.99 mb: rejected    | 
 |    pT0 =  1.72 gives sigmaInteraction =     8.18 mb: rejected    | 
 |    pT0 =  1.55 gives sigmaInteraction =     9.31 mb: rejected    | 
 |    pT0 =  1.39 gives sigmaInteraction =    10.67 mb: rejected    | 
 |    pT0 =  1.25 gives sigmaInteraction =    12.09 mb: accepted    | 
 |   diffractive mass = 8.06e+03 GeV and sigmaNorm =    10.00 mb    | 
 |    pT0 =  2.35 gives sigmaInteraction =     6.69 mb: rejected    | 
 |    pT0 =  2.12 gives sigmaInteraction =     7.69 mb: rejected    | 
 |    pT0 =  1.90 gives sigmaInteraction =     8.94 mb: rejected    | 
 |    pT0 =  1.71 gives sigmaInteraction =    10.35 mb: rejected    | 
 |    pT0 =  1.54 gives sigmaInteraction =    11.85 mb: accepted    | 
 |   diffractive mass = 1.30e+04 GeV and sigmaNorm =    10.00 mb    | 
 |    pT0 =  2.60 gives sigmaInteraction =     7.25 mb: rejected    | 
 |    pT0 =  2.34 gives sigmaInteraction =     8.37 mb: rejected    | 
 |    pT0 =  2.11 gives sigmaInteraction =     9.91 mb: rejected    | 
 |    pT0 =  1.90 gives sigmaInteraction =    11.44 mb: accepted    | 
 |                                                                  | 
 *-------  End PYTHIA Multiparton Interactions Initialization  -----* 

 *-------  PYTHIA Flag + Mode + Parm + Word + FVec + MVec + PVec + WVec Settings (changes only)  ------------------* 
 |                                                                                                                 | 
 | Name                                          |                      Now |      Default         Min         Max | 
 |                                               |                          |                                      | 
 | Beams:eCM                                     |                13000.000 |    14000.000         0.0             | 
 | Main:numberOfEvents                           |                   100000 |         1000           0             | 
 | Next:numberShowEvent                          |                        0 |            1           0             | 
 | SoftQCD:all                                   |                       on |          off                         | 
 |                                                                                                                 | 
 *-------  End PYTHIA Flag + Mode + Parm + Word + FVec + MVec + PVec + WVec Settings  -----------------------------* 

 --------  PYTHIA Particle Data Table (changed only)  ------------------------------------------------------------------------------
 
      id   name            antiName         spn chg col      m0        mWidth      mMin       mMax       tau0    res dec ext vis wid
             no onMode   bRatio   meMode     products 

     443  J/psi                               3   0   0    3.09692    0.00009    3.09602    3.09782  0.00000e+00   0   1   0   1   0
              0     0   0.8023950   43       83      -83 
              1     0   0.0594000    0       11      -11 
              2     0   0.0593000    0       13      -13 
              3     0   0.0130000    0      441       22 
              4     0   0.0056000    0      113      111 
              5     0   0.0056500    0      213     -211 
              6     0   0.0056500    0     -213      211 
              7     0   0.0036000    0      115      113 
              8     0   0.0036000    0     -215      213 
              9     0   0.0036000    0      215     -213 
             10     0   0.0043000    0      225      223 
             11     0   0.0022000    0      313     -315 
             12     0   0.0022000    0      323     -325 
             13     0   0.0022000    0     -323      325 
             14     0   0.0025000    0      321     -323 
             15     0   0.0025000    0     -321      323 
             16     0   0.0021000    0      311     -313 
             17     0   0.0021000    0     -311      313 
             18     0   0.0019000    0    20323     -321 
             19     0   0.0019000    0   -20323      321 
             20     0   0.0015000    0    10213     -211 
             21     0   0.0015000    0   -10213      211 
             22     0   0.0023000    0    10113      111 
             23     0   0.0004800    0    10331      223 
             24     0   0.0007400    0      223      221 
             25     0   0.0003600    0    10331      333 
             26     0   0.0008000    0      333      335 
             27     0   0.0006800    0    20333      223 
             28     0   0.0007400    0      333      221 
             29     0   0.0004500    0      223      111 
             30     0   0.0004000    0      333      331 
             31     0   0.0003200    0      333  9010221 
             32     0   0.0002600    0      333    20223 
             33     0   0.0001930    0      113      221 
             34     0   0.0001820    0      223      331 
             35     0   0.0001400    0      223  9010221 
             36     0   0.0001050    0      113      331 
             37     0   0.0011000    0     2224    -2224 
             38     0   0.0005150    0     3112    -3112 
             39     0   0.0005900    0     3314    -3314 
             40     0   0.0003200    0     3324    -3324 
             41     0   0.0003200    0     3324    -3324 
             42     0   0.0001550    0     3114    -3114 
             43     0   0.0001550    0     3224    -3224 
             44     1   1.0000000   13       13      -13       13      -13 

 --------  End PYTHIA Particle Data Table  -----------------------------------------------------------------------------------------

JPsi Run 2 Statistics

The total number of events is 100000
The total number of JPsi decay to 4 muons is 132
The total number of decays where all daughters are in LHCb acceptance 18
The total number of decays where both the daughters and the parent particle are in LHCb acceptance is 16
The average number of decays with parent and daughters in acceptance per event is 0.00016

Muon pT in acc information. Children of JPsi parent particle
╒═══╤═══════════════╤══════════╤══════════╤══════════╤══════════╕
│ 0 │ -             │ 1st Muon │ 2nd Muon │ 3rd Muon │ 4th Muon │
├───┼───────────────┼──────────┼──────────┼──────────┼──────────┤
│ 1 │ Highest (GeV) │ 5.33321  │ 3.50577  │ 2.85303  │ 1.15811  │
├───┼───────────────┼──────────┼──────────┼──────────┼──────────┤
│ 2 │ Lowest  (GeV) │ 0.93830  │ 0.47751  │ 0.40990  │ 0.15582  │
├───┼───────────────┼──────────┼──────────┼──────────┼──────────┤
│ 3 │ Average (GeV) │ 1.81479  │ 0.93560  │ 0.66633  │ 0.40973  │
╘═══╧═══════════════╧══════════╧══════════╧══════════╧══════════╛

Prompt 1 
 Statistics for JPsi daughter particles in acc meeting prompt 1 J/Psi-->4mu conditions (pt > 0.5 GeV and p > 10 GeV).
╒═══╤═══════════════════════════════════════╤══════════╤══════════╤══════════╤══════════╤══════════╕
│ 0 │ -                                     │ 1st Muon │ 2nd Muon │ 3rd Muon │ 4th Muon │ Fraction │
├───┼───────────────────────────────────────┼──────────┼──────────┼──────────┼──────────┼──────────┤
│ 1 │ All Muons pT > 0.5 GeV                │ x        │ x        │ x        │ x        │ 0.1875   │
├───┼───────────────────────────────────────┼──────────┼──────────┼──────────┼──────────┼──────────┤
│ 2 │ All Muons p > 10 GeV                  │ x        │ x        │ x        │ x        │ 0.0625   │
├───┼───────────────────────────────────────┼──────────┼──────────┼──────────┼──────────┼──────────┤
│ 3 │ All Muons pT > 0.5 GeV and p > 10 GeV │ x        │ x        │ x        │ x        │ 0.0625   │
╘═══╧═══════════════════════════════════════╧══════════╧══════════╧══════════╧══════════╧══════════╛

Prompt 2 
 Statistics for JPsi daughter particles in acc meeting prompt 2 J/Psi-->4mu conditions.
╒═══╤═════════════════════════════╤══════════╤══════════╤══════════╤══════════╤═════════╕
│ 0 │ -                           │ 1st Muon │ 2nd Muon │ 3rd Muon │ 4th Muon │ Percent │
├───┼─────────────────────────────┼──────────┼──────────┼──────────┼──────────┼─────────┤
│ 1 │ pT > 0.50GeV and pT >0.3GeV │ x        │ x        │ -        │ -        │ 100.00  │
├───┼─────────────────────────────┼──────────┼──────────┼──────────┼──────────┼─────────┤
│ 2 │ pT > 0.50GeV and pT >0.3GeV │ x        │ -        │ x        │ -        │ 100.00  │
├───┼─────────────────────────────┼──────────┼──────────┼──────────┼──────────┼─────────┤
│ 3 │ pT > 0.50GeV and pT >0.3GeV │ x        │ -        │ -        │ x        │ 62.50   │
├───┼─────────────────────────────┼──────────┼──────────┼──────────┼──────────┼─────────┤
│ 4 │ pT > 0.50GeV and pT >0.3GeV │ -        │ x        │ x        │ -        │ 93.75   │
├───┼─────────────────────────────┼──────────┼──────────┼──────────┼──────────┼─────────┤
│ 5 │ pT > 0.50GeV and pT >0.3GeV │ -        │ x        │ -        │ x        │ 62.50   │
├───┼─────────────────────────────┼──────────┼──────────┼──────────┼──────────┼─────────┤
│ 6 │ pT > 0.50GeV and pT >0.3GeV │ -        │ -        │ x        │ x        │ 43.75   │
╘═══╧═════════════════════════════╧══════════╧══════════╧══════════╧══════════╧═════════╛
